TN:
SF:src/auth/auth.controller.ts
FN:19,(anonymous_0)
FN:51,(anonymous_1)
FN:83,(anonymous_2)
FNF:3
FNH:2
FNDA:3,(anonymous_0)
FNDA:3,(anonymous_1)
FNDA:0,(anonymous_2)
DA:2,1
DA:3,1
DA:7,1
DA:13,1
DA:18,1
DA:20,3
DA:22,3
DA:25,2
DA:27,1
DA:33,2
DA:34,1
DA:40,1
DA:41,1
DA:42,1
DA:44,0
DA:47,0
DA:52,3
DA:54,3
DA:57,2
DA:59,1
DA:65,2
DA:66,1
DA:72,1
DA:73,1
DA:74,1
DA:76,0
DA:79,0
DA:84,0
DA:85,0
DA:86,0
DA:89,0
DA:91,0
DA:92,0
DA:95,0
DA:97,0
LF:35
LH:23
BRDA:33,0,0,1
BRDA:40,1,0,1
BRDA:41,2,0,1
BRDA:65,3,0,1
BRDA:72,4,0,1
BRDA:73,5,0,1
BRDA:85,6,0,0
BRDA:91,7,0,0
BRF:8
BRH:6
end_of_record
TN:
SF:src/auth/auth.routes.ts
FNF:0
FNH:0
DA:1,1
DA:2,1
DA:3,1
DA:5,1
DA:8,1
DA:9,1
DA:12,1
DA:14,1
LF:8
LH:8
BRF:0
BRH:0
end_of_record
TN:
SF:src/auth/auth.service.ts
FN:26,(anonymous_1)
FN:54,(anonymous_2)
FN:90,(anonymous_3)
FN:99,(anonymous_4)
FNF:4
FNH:4
FNDA:2,(anonymous_1)
FNDA:3,(anonymous_2)
FNDA:2,(anonymous_3)
FNDA:2,(anonymous_4)
DA:1,2
DA:2,2
DA:3,2
DA:5,2
DA:25,2
DA:27,2
DA:30,2
DA:35,2
DA:36,1
DA:40,1
DA:43,1
DA:48,1
DA:49,1
DA:51,1
DA:55,3
DA:58,3
DA:63,3
DA:64,1
DA:67,2
DA:70,2
DA:72,2
DA:73,1
DA:77,1
DA:82,1
DA:85,1
DA:87,1
DA:91,2
DA:96,2
DA:100,2
DA:101,2
DA:102,0
DA:105,2
LF:32
LH:31
BRDA:35,0,0,1
BRDA:63,1,0,1
BRDA:72,2,0,1
BRDA:96,3,0,2
BRDA:96,3,1,1
BRDA:101,4,0,0
BRF:6
BRH:5
end_of_record
TN:
SF:src/config/multer.config.ts
FN:14,(anonymous_1)
FN:17,(anonymous_2)
FN:27,(anonymous_3)
FNF:3
FNH:0
FNDA:0,(anonymous_1)
FNDA:0,(anonymous_2)
FNDA:0,(anonymous_3)
DA:1,0
DA:2,0
DA:3,0
DA:4,0
DA:7,0
DA:8,0
DA:9,0
DA:13,0
DA:15,0
DA:19,0
DA:20,0
DA:21,0
DA:22,0
DA:27,0
DA:29,0
DA:43,0
DA:44,0
DA:46,0
DA:51,0
DA:59,0
LF:20
LH:0
BRDA:8,0,0,0
BRDA:43,1,0,0
BRDA:43,1,1,0
BRDA:55,2,0,0
BRDA:55,2,1,0
BRF:5
BRH:0
end_of_record
TN:
SF:src/db/database.ts
FN:14,(anonymous_1)
FN:18,(anonymous_2)
FN:24,(anonymous_3)
FN:38,(anonymous_4)
FN:44,(anonymous_5)
FN:49,(anonymous_6)
FNF:6
FNH:0
FNDA:0,(anonymous_1)
FNDA:0,(anonymous_2)
FNDA:0,(anonymous_3)
FNDA:0,(anonymous_4)
FNDA:0,(anonymous_5)
FNDA:0,(anonymous_6)
DA:1,3
DA:2,3
DA:4,3
DA:6,3
DA:14,3
DA:15,0
DA:18,3
DA:19,0
DA:20,0
DA:24,3
DA:25,0
DA:26,0
DA:27,0
DA:28,0
DA:29,0
DA:30,0
DA:32,0
DA:33,0
DA:38,3
DA:39,0
DA:40,0
DA:41,0
DA:44,0
DA:45,0
DA:49,0
DA:50,0
DA:51,0
DA:54,0
DA:57,3
LF:29
LH:9
BRF:0
BRH:0
end_of_record
TN:
SF:src/db/init.ts
FN:5,initializeDatabase
FN:25,(anonymous_2)
FN:29,(anonymous_3)
FNF:3
FNH:0
FNDA:0,initializeDatabase
FNDA:0,(anonymous_2)
FNDA:0,(anonymous_3)
DA:1,0
DA:2,0
DA:3,0
DA:5,0
DA:6,0
DA:7,0
DA:9,0
DA:10,0
DA:12,0
DA:14,0
DA:15,0
DA:17,0
DA:18,0
DA:23,0
DA:24,0
DA:26,0
DA:27,0
DA:30,0
DA:31,0
LF:19
LH:0
BRDA:23,0,0,0
BRF:1
BRH:0
end_of_record
TN:
SF:src/documents/documents.controller.ts
FN:12,(anonymous_0)
FN:49,(anonymous_1)
FN:58,(anonymous_2)
FN:74,(anonymous_3)
FN:109,(anonymous_4)
FN:155,(anonymous_5)
FN:180,(anonymous_6)
FNF:7
FNH:0
FNDA:0,(anonymous_0)
FNDA:0,(anonymous_1)
FNDA:0,(anonymous_2)
FNDA:0,(anonymous_3)
FNDA:0,(anonymous_4)
FNDA:0,(anonymous_5)
FNDA:0,(anonymous_6)
DA:2,0
DA:4,0
DA:7,0
DA:11,0
DA:13,0
DA:14,0
DA:15,0
DA:18,0
DA:19,0
DA:22,0
DA:32,0
DA:44,0
DA:45,0
DA:50,0
DA:51,0
DA:52,0
DA:55,0
DA:57,0
DA:58,0
DA:69,0
DA:70,0
DA:75,0
DA:76,0
DA:77,0
DA:80,0
DA:82,0
DA:83,0
DA:86,0
DA:88,0
DA:89,0
DA:92,0
DA:104,0
DA:105,0
DA:110,0
DA:111,0
DA:112,0
DA:115,0
DA:117,0
DA:118,0
DA:121,0
DA:123,0
DA:129,0
DA:130,0
DA:133,0
DA:143,0
DA:144,0
DA:150,0
DA:151,0
DA:156,0
DA:157,0
DA:158,0
DA:161,0
DA:163,0
DA:164,0
DA:167,0
DA:169,0
DA:170,0
DA:173,0
DA:175,0
DA:176,0
DA:181,0
DA:182,0
DA:183,0
DA:186,0
DA:188,0
DA:190,0
DA:191,0
LF:67
LH:0
BRDA:14,0,0,0
BRDA:18,1,0,0
BRDA:51,2,0,0
BRDA:76,3,0,0
BRDA:82,4,0,0
BRDA:88,5,0,0
BRDA:111,6,0,0
BRDA:117,7,0,0
BRDA:129,8,0,0
BRDA:143,9,0,0
BRDA:157,10,0,0
BRDA:163,11,0,0
BRDA:169,12,0,0
BRDA:182,13,0,0
BRF:14
BRH:0
end_of_record
TN:
SF:src/documents/documents.routes.ts
FNF:0
FNH:0
DA:1,0
DA:2,0
DA:3,0
DA:4,0
DA:6,0
DA:9,0
DA:12,0
DA:15,0
DA:18,0
DA:21,0
DA:24,0
DA:27,0
DA:29,0
LF:13
LH:0
BRF:0
BRH:0
end_of_record
TN:
SF:src/documents/documents.service.ts
FN:30,(anonymous_1)
FN:50,(anonymous_2)
FN:61,(anonymous_3)
FN:71,(anonymous_4)
FN:87,(anonymous_5)
FN:115,(anonymous_6)
FNF:6
FNH:4
FNDA:1,(anonymous_1)
FNDA:2,(anonymous_2)
FNDA:2,(anonymous_3)
FNDA:0,(anonymous_4)
FNDA:2,(anonymous_5)
FNDA:0,(anonymous_6)
DA:1,1
DA:2,1
DA:29,1
DA:31,1
DA:47,1
DA:51,2
DA:58,2
DA:62,2
DA:68,2
DA:76,0
DA:84,0
DA:89,2
DA:97,2
DA:98,1
DA:102,1
DA:103,1
DA:104,1
DA:105,0
DA:108,0
DA:112,1
DA:116,0
DA:126,0
LF:22
LH:16
BRDA:43,0,0,1
BRDA:43,0,1,1
BRDA:68,1,0,2
BRDA:68,1,1,1
BRDA:84,2,0,0
BRDA:84,2,1,0
BRDA:97,3,0,1
BRDA:104,4,0,0
BRDA:128,5,0,0
BRDA:128,5,1,0
BRF:10
BRH:5
end_of_record
TN:
SF:src/links/links.controller.ts
FN:15,(anonymous_0)
FN:62,(anonymous_1)
FN:77,(anonymous_2)
FN:102,(anonymous_3)
FNF:4
FNH:4
FNDA:2,(anonymous_0)
FNDA:1,(anonymous_1)
FNDA:2,(anonymous_2)
FNDA:1,(anonymous_3)
DA:2,1
DA:4,1
DA:6,1
DA:14,1
DA:16,2
DA:17,2
DA:18,0
DA:21,2
DA:23,1
DA:28,1
DA:30,1
DA:44,1
DA:45,1
DA:51,0
DA:52,0
DA:53,0
DA:57,0
DA:58,0
DA:63,1
DA:64,1
DA:65,0
DA:68,1
DA:70,1
DA:72,0
DA:73,0
DA:78,2
DA:79,2
DA:80,0
DA:83,2
DA:85,2
DA:86,0
DA:89,2
DA:91,2
DA:92,1
DA:95,1
DA:97,0
DA:98,0
DA:103,1
DA:104,1
DA:105,0
DA:108,1
DA:110,1
DA:111,0
DA:114,1
DA:116,1
DA:118,0
DA:119,0
DA:122,0
DA:123,0
LF:49
LH:30
BRDA:17,0,0,0
BRDA:28,1,0,1
BRDA:28,1,1,1
BRDA:44,2,0,1
BRDA:51,3,0,0
BRDA:52,4,0,0
BRDA:64,5,0,0
BRDA:79,6,0,0
BRDA:85,7,0,0
BRDA:91,8,0,1
BRDA:104,9,0,0
BRDA:110,10,0,0
BRDA:118,11,0,0
BRDA:118,12,0,0
BRDA:118,12,1,0
BRF:15
BRH:4
end_of_record
TN:
SF:src/links/links.routes.ts
FNF:0
FNH:0
DA:1,1
DA:2,1
DA:3,1
DA:5,1
DA:8,1
DA:11,1
DA:14,1
DA:17,1
DA:20,1
DA:22,1
LF:10
LH:10
BRF:0
BRH:0
end_of_record
TN:
SF:src/links/links.service.ts
FN:30,(anonymous_1)
FN:76,(anonymous_2)
FN:90,(anonymous_3)
FN:106,(anonymous_4)
FN:115,(anonymous_5)
FN:166,(anonymous_6)
FN:192,(anonymous_7)
FN:201,(anonymous_8)
FNF:8
FNH:4
FNDA:3,(anonymous_1)
FNDA:0,(anonymous_2)
FNDA:0,(anonymous_3)
FNDA:5,(anonymous_4)
FNDA:5,(anonymous_5)
FNDA:2,(anonymous_6)
FNDA:0,(anonymous_7)
FNDA:0,(anonymous_8)
DA:1,3
DA:2,3
DA:3,3
DA:29,3
DA:32,3
DA:37,3
DA:38,1
DA:42,2
DA:45,2
DA:46,2
DA:47,1
DA:51,2
DA:52,2
DA:53,1
DA:54,1
DA:57,2
DA:73,2
DA:77,0
DA:90,0
DA:107,5
DA:112,5
DA:121,5
DA:123,5
DA:124,0
DA:128,5
DA:129,1
DA:133,4
DA:134,1
DA:138,3
DA:139,2
DA:140,0
DA:143,2
DA:144,2
DA:145,1
DA:150,2
DA:155,2
DA:156,0
DA:159,2
DA:174,2
DA:182,2
DA:183,1
DA:193,0
DA:198,0
DA:203,0
DA:208,0
DA:209,0
DA:212,0
DA:220,0
LF:48
LH:36
BRDA:37,0,0,1
BRDA:46,1,0,1
BRDA:52,2,0,1
BRDA:68,3,0,2
BRDA:68,3,1,1
BRDA:102,4,0,0
BRDA:102,4,1,0
BRDA:112,5,0,5
BRDA:112,5,1,0
BRDA:123,6,0,0
BRDA:128,7,0,1
BRDA:128,8,0,5
BRDA:128,8,1,1
BRDA:133,9,0,1
BRDA:133,10,0,4
BRDA:133,10,1,1
BRDA:138,11,0,2
BRDA:139,12,0,0
BRDA:144,13,0,1
BRDA:155,14,0,0
BRDA:171,15,0,0
BRDA:182,16,0,1
BRDA:182,17,0,2
BRDA:182,17,1,1
BRDA:182,17,2,0
BRDA:208,18,0,0
BRF:26
BRH:17
end_of_record
TN:
SF:src/middleware/auth.middleware.ts
FN:9,(anonymous_1)
FNF:1
FNH:0
FNDA:0,(anonymous_1)
DA:2,2
DA:9,2
DA:10,0
DA:11,0
DA:13,0
DA:14,0
DA:17,0
DA:18,0
DA:20,0
DA:21,0
DA:24,0
DA:25,0
DA:26,0
DA:28,0
DA:30,0
DA:31,0
DA:33,0
DA:34,0
DA:36,0
LF:19
LH:2
BRDA:13,0,0,0
BRDA:13,1,0,0
BRDA:13,1,1,0
BRDA:20,2,0,0
BRDA:30,3,0,0
BRDA:33,4,0,0
BRF:6
BRH:0
end_of_record
TN:
SF:src/share/share.controller.ts
FN:7,(anonymous_1)
FN:93,(anonymous_2)
FN:142,(anonymous_3)
FN:217,(anonymous_4)
FNF:4
FNH:0
FNDA:0,(anonymous_1)
FNDA:0,(anonymous_2)
FNDA:0,(anonymous_3)
FNDA:0,(anonymous_4)
DA:2,0
DA:3,0
DA:6,0
DA:8,0
DA:9,0
DA:10,0
DA:13,0
DA:14,0
DA:17,0
DA:19,0
DA:21,0
DA:22,0
DA:32,0
DA:33,0
DA:40,0
DA:47,0
DA:49,0
DA:50,0
DA:57,0
DA:66,0
DA:85,0
DA:86,0
DA:94,0
DA:95,0
DA:96,0
DA:99,0
DA:100,0
DA:103,0
DA:105,0
DA:106,0
DA:109,0
DA:111,0
DA:112,0
DA:116,0
DA:117,0
DA:121,0
DA:122,0
DA:126,0
DA:135,0
DA:137,0
DA:138,0
DA:143,0
DA:144,0
DA:145,0
DA:146,0
DA:149,0
DA:150,0
DA:153,0
DA:155,0
DA:157,0
DA:158,0
DA:167,0
DA:170,0
DA:172,0
DA:173,0
DA:177,0
DA:178,0
DA:182,0
DA:183,0
DA:187,0
DA:188,0
DA:197,0
DA:198,0
DA:201,0
DA:212,0
DA:213,0
DA:218,0
DA:219,0
DA:221,0
DA:223,0
DA:224,0
DA:227,0
DA:228,0
DA:230,0
DA:239,0
DA:240,0
LF:76
LH:0
BRDA:13,0,0,0
BRDA:13,0,1,0
BRDA:13,0,2,0
BRDA:14,1,0,0
BRDA:14,1,1,0
BRDA:19,2,0,0
BRDA:21,3,0,0
BRDA:21,4,0,0
BRDA:21,4,1,0
BRDA:32,5,0,0
BRDA:49,6,0,0
BRDA:49,7,0,0
BRDA:49,7,1,0
BRDA:99,8,0,0
BRDA:99,8,1,0
BRDA:99,8,2,0
BRDA:100,9,0,0
BRDA:100,9,1,0
BRDA:105,10,0,0
BRDA:111,11,0,0
BRDA:111,12,0,0
BRDA:111,12,1,0
BRDA:116,13,0,0
BRDA:121,14,0,0
BRDA:149,15,0,0
BRDA:149,15,1,0
BRDA:149,15,2,0
BRDA:150,16,0,0
BRDA:150,16,1,0
BRDA:155,17,0,0
BRDA:157,18,0,0
BRDA:172,19,0,0
BRDA:172,20,0,0
BRDA:172,20,1,0
BRDA:177,21,0,0
BRDA:177,22,0,0
BRDA:177,22,1,0
BRDA:182,23,0,0
BRDA:187,24,0,0
BRDA:187,24,1,0
BRDA:197,25,0,0
BRDA:197,25,1,0
BRDA:223,26,0,0
BRDA:227,27,0,0
BRDA:227,27,1,0
BRDA:228,28,0,0
BRDA:228,28,1,0
BRDA:231,29,0,0
BRDA:231,29,1,0
BRF:49
BRH:0
end_of_record
TN:
SF:src/share/share.routes.ts
FNF:0
FNH:0
DA:1,0
DA:2,0
DA:4,0
DA:9,0
DA:12,0
DA:14,0
LF:6
LH:0
BRF:0
BRH:0
end_of_record
TN:
SF:src/share/share.service.ts
FN:4,(anonymous_0)
FNF:1
FNH:1
FNDA:3,(anonymous_0)
DA:1,1
DA:3,1
DA:5,3
LF:3
LH:3
BRF:0
BRH:0
end_of_record
